\BOOKMARK [1][-]{section*.2}{BuzzSpace Handling}{}% 1
\BOOKMARK [1][-]{section.1}{Create BuzzSpace}{}% 2
\BOOKMARK [1][-]{section.2}{Read BuzzSpace}{}% 3
\BOOKMARK [1][-]{section.3}{Update BuzzSpace}{}% 4
\BOOKMARK [1][-]{section.4}{Delete BuzzSpace}{}% 5
\BOOKMARK [1][-]{section*.19}{Thread Handling}{}% 6
\BOOKMARK [1][-]{section.1}{Create Thread}{}% 7
\BOOKMARK [1][-]{section.2}{Read Thread}{}% 8
\BOOKMARK [1][-]{section.3}{Update Thread}{}% 9
\BOOKMARK [1][-]{section.4}{Delete Thread}{}% 10
\BOOKMARK [1][-]{section.5}{Summarise Thread}{}% 11
\BOOKMARK [1][-]{section.6}{Hide Thread}{}% 12
\BOOKMARK [1][-]{section.7}{Close Thread}{}% 13
\BOOKMARK [1][-]{section.8}{Move Thread}{}% 14
\BOOKMARK [1][-]{section*.52}{Post Handling}{}% 15
\BOOKMARK [1][-]{section.1}{Create Post}{}% 16
\BOOKMARK [1][-]{section.2}{Read Post}{}% 17
\BOOKMARK [1][-]{section.3}{Update Post}{}% 18
\BOOKMARK [1][-]{section.4}{Delete Post}{}% 19
\BOOKMARK [1][-]{section.5}{Mark solution post}{}% 20
\BOOKMARK [1][-]{section.6}{Vote and Evaluate Posts}{}% 21
\BOOKMARK [1][-]{section.7}{Post Tagging}{}% 22
\BOOKMARK [1][-]{section*.81}{Filtering}{}% 23
\BOOKMARK [1][-]{section.1}{Filter threads and buzzspaces}{}% 24
\BOOKMARK [1][-]{section*.86}{Authorisation}{}% 25
\BOOKMARK [1][-]{section.1}{Login}{}% 26
\BOOKMARK [1][-]{section.2}{Logout}{}% 27
\BOOKMARK [1][-]{section.3}{Registration}{}% 28
\BOOKMARK [1][-]{section*.99}{Reporting}{}% 29
\BOOKMARK [1][-]{section.1}{Thread Evaluation Report}{}% 30
\BOOKMARK [1][-]{section.2}{Student Post Evaluation Report}{}% 31
\BOOKMARK [1][-]{section.3}{Audit Report}{}% 32
\BOOKMARK [1][-]{section*.111}{Proflie Handling}{}% 33
\BOOKMARK [1][-]{section.1}{Create Profile}{}% 34
\BOOKMARK [1][-]{section.2}{Modify Profile}{}% 35
\BOOKMARK [1][-]{section.3}{View Profile}{}% 36
\BOOKMARK [1][-]{section.4}{Private Message}{}% 37
\BOOKMARK [1][-]{section.5}{Create Private Message}{}% 38
\BOOKMARK [1][-]{section.6}{Read Private Message}{}% 39
\BOOKMARK [1][-]{section.7}{Delete Private Message}{}% 40
\BOOKMARK [1][-]{section*.136}{Domain Model}{}% 41
